{"/Users/chad/Basic_JS_Exercises/practice/01_return.js": {"path":"/Users/chad/Basic_JS_Exercises/practice/01_return.js","statementMap":{"0":{"start":{"line":5,"column":4},"end":{"line":5,"column":24}},"1":{"start":{"line":11,"column":4},"end":{"line":11,"column":16}},"2":{"start":{"line":17,"column":4},"end":{"line":17,"column":26}},"3":{"start":{"line":23,"column":4},"end":{"line":23,"column":16}},"4":{"start":{"line":29,"column":4},"end":{"line":29,"column":16}},"5":{"start":{"line":33,"column":0},"end":{"line":33,"column":57}}},"fnMap":{"0":{"name":"hello","decl":{"start":{"line":4,"column":9},"end":{"line":4,"column":14}},"loc":{"start":{"line":4,"column":16},"end":{"line":6,"column":1}},"line":4},"1":{"name":"sum","decl":{"start":{"line":10,"column":9},"end":{"line":10,"column":12}},"loc":{"start":{"line":10,"column":18},"end":{"line":12,"column":1}},"line":10},"2":{"name":"helloPerson","decl":{"start":{"line":16,"column":9},"end":{"line":16,"column":20}},"loc":{"start":{"line":16,"column":26},"end":{"line":18,"column":1}},"line":16},"3":{"name":"minus","decl":{"start":{"line":22,"column":9},"end":{"line":22,"column":14}},"loc":{"start":{"line":22,"column":20},"end":{"line":24,"column":1}},"line":22},"4":{"name":"divide","decl":{"start":{"line":28,"column":9},"end":{"line":28,"column":15}},"loc":{"start":{"line":28,"column":21},"end":{"line":30,"column":1}},"line":28}},"branchMap":{},"s":{"0":1,"1":2,"2":2,"3":2,"4":2,"5":1},"f":{"0":1,"1":2,"2":2,"3":2,"4":2},"b":{},"_coverageSchema":"1a1c01bbd47fc00a2c39e90264f33305004495a9","hash":"cec0dda5bc486b7457def3604a933c7105c070f6"}
,"/Users/chad/Basic_JS_Exercises/practice/02_function_parameters.js": {"path":"/Users/chad/Basic_JS_Exercises/practice/02_function_parameters.js","statementMap":{"0":{"start":{"line":5,"column":4},"end":{"line":5,"column":18}},"1":{"start":{"line":11,"column":4},"end":{"line":11,"column":17}},"2":{"start":{"line":17,"column":4},"end":{"line":17,"column":30}},"3":{"start":{"line":23,"column":4},"end":{"line":23,"column":18}},"4":{"start":{"line":28,"column":0},"end":{"line":28,"column":49}}},"fnMap":{"0":{"name":"double","decl":{"start":{"line":4,"column":9},"end":{"line":4,"column":15}},"loc":{"start":{"line":4,"column":20},"end":{"line":6,"column":1}},"line":4},"1":{"name":"multiply","decl":{"start":{"line":10,"column":9},"end":{"line":10,"column":17}},"loc":{"start":{"line":10,"column":23},"end":{"line":12,"column":1}},"line":10},"2":{"name":"shout","decl":{"start":{"line":16,"column":9},"end":{"line":16,"column":14}},"loc":{"start":{"line":16,"column":20},"end":{"line":18,"column":1}},"line":16},"3":{"name":"first","decl":{"start":{"line":22,"column":9},"end":{"line":22,"column":14}},"loc":{"start":{"line":22,"column":19},"end":{"line":24,"column":1}},"line":22}},"branchMap":{},"s":{"0":3,"1":3,"2":2,"3":2,"4":1},"f":{"0":3,"1":3,"2":2,"3":2},"b":{},"_coverageSchema":"1a1c01bbd47fc00a2c39e90264f33305004495a9","hash":"f5bfe91d482d18985d8d49432a313a3e252465c9"}
,"/Users/chad/Basic_JS_Exercises/practice/03_if_statements.js": {"path":"/Users/chad/Basic_JS_Exercises/practice/03_if_statements.js","statementMap":{"0":{"start":{"line":8,"column":4},"end":{"line":14,"column":5}},"1":{"start":{"line":9,"column":8},"end":{"line":9,"column":21}},"2":{"start":{"line":12,"column":8},"end":{"line":12,"column":22}},"3":{"start":{"line":21,"column":4},"end":{"line":27,"column":5}},"4":{"start":{"line":22,"column":8},"end":{"line":22,"column":25}},"5":{"start":{"line":25,"column":8},"end":{"line":25,"column":27}},"6":{"start":{"line":36,"column":4},"end":{"line":39,"column":32}},"7":{"start":{"line":37,"column":8},"end":{"line":37,"column":27}},"8":{"start":{"line":38,"column":10},"end":{"line":39,"column":32}},"9":{"start":{"line":39,"column":8},"end":{"line":39,"column":32}},"10":{"start":{"line":40,"column":4},"end":{"line":43,"column":34}},"11":{"start":{"line":41,"column":8},"end":{"line":41,"column":37}},"12":{"start":{"line":42,"column":9},"end":{"line":43,"column":34}},"13":{"start":{"line":43,"column":8},"end":{"line":43,"column":34}},"14":{"start":{"line":52,"column":4},"end":{"line":55,"column":31}},"15":{"start":{"line":53,"column":8},"end":{"line":53,"column":24}},"16":{"start":{"line":54,"column":10},"end":{"line":55,"column":31}},"17":{"start":{"line":55,"column":8},"end":{"line":55,"column":31}},"18":{"start":{"line":56,"column":4},"end":{"line":57,"column":24}},"19":{"start":{"line":57,"column":8},"end":{"line":57,"column":24}},"20":{"start":{"line":64,"column":0},"end":{"line":64,"column":52}}},"fnMap":{"0":{"name":"canDrink","decl":{"start":{"line":7,"column":9},"end":{"line":7,"column":17}},"loc":{"start":{"line":7,"column":22},"end":{"line":15,"column":1}},"line":7},"1":{"name":"canVote","decl":{"start":{"line":20,"column":9},"end":{"line":20,"column":16}},"loc":{"start":{"line":20,"column":21},"end":{"line":28,"column":1}},"line":20},"2":{"name":"canDrive","decl":{"start":{"line":35,"column":9},"end":{"line":35,"column":17}},"loc":{"start":{"line":35,"column":22},"end":{"line":45,"column":1}},"line":35},"3":{"name":"week","decl":{"start":{"line":51,"column":9},"end":{"line":51,"column":13}},"loc":{"start":{"line":51,"column":18},"end":{"line":58,"column":1}},"line":51}},"branchMap":{"0":{"loc":{"start":{"line":8,"column":4},"end":{"line":14,"column":5}},"type":"if","locations":[{"start":{"line":8,"column":4},"end":{"line":14,"column":5}},{"start":{"line":11,"column":11},"end":{"line":14,"column":5}}],"line":8},"1":{"loc":{"start":{"line":21,"column":4},"end":{"line":27,"column":5}},"type":"if","locations":[{"start":{"line":21,"column":4},"end":{"line":27,"column":5}},{"start":{"line":24,"column":11},"end":{"line":27,"column":5}}],"line":21},"2":{"loc":{"start":{"line":36,"column":4},"end":{"line":39,"column":32}},"type":"if","locations":[{"start":{"line":36,"column":4},"end":{"line":39,"column":32}},{"start":{"line":38,"column":10},"end":{"line":39,"column":32}}],"line":36},"3":{"loc":{"start":{"line":38,"column":10},"end":{"line":39,"column":32}},"type":"if","locations":[{"start":{"line":38,"column":10},"end":{"line":39,"column":32}},{"start":{},"end":{}}],"line":38},"4":{"loc":{"start":{"line":40,"column":4},"end":{"line":43,"column":34}},"type":"if","locations":[{"start":{"line":40,"column":4},"end":{"line":43,"column":34}},{"start":{"line":42,"column":9},"end":{"line":43,"column":34}}],"line":40},"5":{"loc":{"start":{"line":40,"column":8},"end":{"line":40,"column":28}},"type":"binary-expr","locations":[{"start":{"line":40,"column":8},"end":{"line":40,"column":16}},{"start":{"line":40,"column":20},"end":{"line":40,"column":28}}],"line":40},"6":{"loc":{"start":{"line":42,"column":9},"end":{"line":43,"column":34}},"type":"if","locations":[{"start":{"line":42,"column":9},"end":{"line":43,"column":34}},{"start":{},"end":{}}],"line":42},"7":{"loc":{"start":{"line":52,"column":4},"end":{"line":55,"column":31}},"type":"if","locations":[{"start":{"line":52,"column":4},"end":{"line":55,"column":31}},{"start":{"line":54,"column":10},"end":{"line":55,"column":31}}],"line":52},"8":{"loc":{"start":{"line":52,"column":8},"end":{"line":52,"column":82}},"type":"binary-expr","locations":[{"start":{"line":52,"column":8},"end":{"line":52,"column":22}},{"start":{"line":52,"column":26},"end":{"line":52,"column":41}},{"start":{"line":52,"column":45},"end":{"line":52,"column":62}},{"start":{"line":52,"column":66},"end":{"line":52,"column":82}}],"line":52},"9":{"loc":{"start":{"line":54,"column":10},"end":{"line":55,"column":31}},"type":"if","locations":[{"start":{"line":54,"column":10},"end":{"line":55,"column":31}},{"start":{},"end":{}}],"line":54},"10":{"loc":{"start":{"line":56,"column":4},"end":{"line":57,"column":24}},"type":"if","locations":[{"start":{"line":56,"column":4},"end":{"line":57,"column":24}},{"start":{},"end":{}}],"line":56},"11":{"loc":{"start":{"line":56,"column":8},"end":{"line":56,"column":42}},"type":"binary-expr","locations":[{"start":{"line":56,"column":8},"end":{"line":56,"column":24}},{"start":{"line":56,"column":28},"end":{"line":56,"column":42}}],"line":56}},"s":{"0":4,"1":2,"2":2,"3":4,"4":2,"5":2,"6":8,"7":2,"8":6,"9":1,"10":5,"11":2,"12":3,"13":3,"14":7,"15":4,"16":3,"17":1,"18":2,"19":2,"20":1},"f":{"0":4,"1":4,"2":8,"3":7},"b":{"0":[2,2],"1":[2,2],"2":[2,6],"3":[1,5],"4":[2,3],"5":[5,4],"6":[3,0],"7":[4,3],"8":[7,6,5,4],"9":[1,2],"10":[2,0],"11":[2,1]},"_coverageSchema":"1a1c01bbd47fc00a2c39e90264f33305004495a9","hash":"1311fbd9e0887e06a52cd4cb909d78740090b0a3"}
,"/Users/chad/Basic_JS_Exercises/practice/04_variables.js": {"path":"/Users/chad/Basic_JS_Exercises/practice/04_variables.js","statementMap":{"0":{"start":{"line":2,"column":13},"end":{"line":2,"column":14}},"1":{"start":{"line":7,"column":0},"end":{"line":7,"column":10}},"2":{"start":{"line":16,"column":17},"end":{"line":16,"column":23}},"3":{"start":{"line":17,"column":4},"end":{"line":17,"column":15}},"4":{"start":{"line":29,"column":16},"end":{"line":29,"column":27}},"5":{"start":{"line":39,"column":0},"end":{"line":39,"column":45}}},"fnMap":{"0":{"name":"getName","decl":{"start":{"line":15,"column":9},"end":{"line":15,"column":16}},"loc":{"start":{"line":15,"column":18},"end":{"line":18,"column":1}},"line":15}},"branchMap":{},"s":{"0":1,"1":1,"2":1,"3":1,"4":1,"5":1},"f":{"0":1},"b":{},"_coverageSchema":"1a1c01bbd47fc00a2c39e90264f33305004495a9","hash":"12d2fc4fc82f8785b6b55ceec0fa62553f3f1bbc"}
,"/Users/chad/Basic_JS_Exercises/practice/05_arrays_and_loops.js": {"path":"/Users/chad/Basic_JS_Exercises/practice/05_arrays_and_loops.js","statementMap":{"0":{"start":{"line":7,"column":4},"end":{"line":7,"column":18}},"1":{"start":{"line":15,"column":4},"end":{"line":15,"column":21}},"2":{"start":{"line":24,"column":4},"end":{"line":24,"column":30}},"3":{"start":{"line":33,"column":14},"end":{"line":33,"column":15}},"4":{"start":{"line":34,"column":0},"end":{"line":35,"column":17}},"5":{"start":{"line":35,"column":4},"end":{"line":35,"column":17}},"6":{"start":{"line":36,"column":4},"end":{"line":36,"column":7}},"7":{"start":{"line":37,"column":3},"end":{"line":37,"column":13}},"8":{"start":{"line":44,"column":18},"end":{"line":44,"column":19}},"9":{"start":{"line":45,"column":4},"end":{"line":49,"column":5}},"10":{"start":{"line":46,"column":4},"end":{"line":48,"column":5}},"11":{"start":{"line":47,"column":4},"end":{"line":47,"column":21}},"12":{"start":{"line":50,"column":4},"end":{"line":50,"column":18}},"13":{"start":{"line":58,"column":14},"end":{"line":58,"column":15}},"14":{"start":{"line":60,"column":4},"end":{"line":62,"column":6}},"15":{"start":{"line":61,"column":4},"end":{"line":61,"column":17}},"16":{"start":{"line":63,"column":3},"end":{"line":63,"column":13}},"17":{"start":{"line":71,"column":14},"end":{"line":71,"column":15}},"18":{"start":{"line":72,"column":0},"end":{"line":75,"column":2}},"19":{"start":{"line":74,"column":0},"end":{"line":74,"column":39}},"20":{"start":{"line":74,"column":22},"end":{"line":74,"column":38}},"21":{"start":{"line":76,"column":0},"end":{"line":76,"column":14}},"22":{"start":{"line":83,"column":18},"end":{"line":83,"column":19}},"23":{"start":{"line":84,"column":14},"end":{"line":84,"column":15}},"24":{"start":{"line":85,"column":4},"end":{"line":89,"column":5}},"25":{"start":{"line":86,"column":8},"end":{"line":86,"column":29}},"26":{"start":{"line":87,"column":8},"end":{"line":87,"column":27}},"27":{"start":{"line":88,"column":8},"end":{"line":88,"column":18}},"28":{"start":{"line":90,"column":4},"end":{"line":90,"column":14}},"29":{"start":{"line":99,"column":17},"end":{"line":99,"column":18}},"30":{"start":{"line":100,"column":18},"end":{"line":100,"column":19}},"31":{"start":{"line":101,"column":4},"end":{"line":107,"column":5}},"32":{"start":{"line":102,"column":8},"end":{"line":102,"column":27}},"33":{"start":{"line":103,"column":4},"end":{"line":105,"column":5}},"34":{"start":{"line":104,"column":8},"end":{"line":104,"column":30}},"35":{"start":{"line":106,"column":4},"end":{"line":106,"column":13}},"36":{"start":{"line":108,"column":4},"end":{"line":108,"column":18}},"37":{"start":{"line":113,"column":0},"end":{"line":113,"column":135}}},"fnMap":{"0":{"name":"first","decl":{"start":{"line":6,"column":9},"end":{"line":6,"column":14}},"loc":{"start":{"line":6,"column":19},"end":{"line":9,"column":1}},"line":6},"1":{"name":"howMany","decl":{"start":{"line":14,"column":9},"end":{"line":14,"column":16}},"loc":{"start":{"line":14,"column":21},"end":{"line":17,"column":1}},"line":14},"2":{"name":"last","decl":{"start":{"line":23,"column":9},"end":{"line":23,"column":13}},"loc":{"start":{"line":23,"column":18},"end":{"line":26,"column":1}},"line":23},"3":{"name":"forLoopSum","decl":{"start":{"line":31,"column":9},"end":{"line":31,"column":19}},"loc":{"start":{"line":31,"column":24},"end":{"line":38,"column":1}},"line":31},"4":{"name":"forLoopHighest","decl":{"start":{"line":43,"column":9},"end":{"line":43,"column":23}},"loc":{"start":{"line":43,"column":28},"end":{"line":52,"column":1}},"line":43},"5":{"name":"forEachLoopSum","decl":{"start":{"line":57,"column":9},"end":{"line":57,"column":23}},"loc":{"start":{"line":57,"column":28},"end":{"line":64,"column":1}},"line":57},"6":{"name":"(anonymous_6)","decl":{"start":{"line":60,"column":16},"end":{"line":60,"column":17}},"loc":{"start":{"line":60,"column":27},"end":{"line":62,"column":5}},"line":60},"7":{"name":"forEachLoopHighest","decl":{"start":{"line":69,"column":9},"end":{"line":69,"column":27}},"loc":{"start":{"line":69,"column":32},"end":{"line":77,"column":1}},"line":69},"8":{"name":"(anonymous_8)","decl":{"start":{"line":72,"column":12},"end":{"line":72,"column":13}},"loc":{"start":{"line":72,"column":23},"end":{"line":75,"column":1}},"line":72},"9":{"name":"whileLoopSum","decl":{"start":{"line":82,"column":9},"end":{"line":82,"column":21}},"loc":{"start":{"line":82,"column":26},"end":{"line":93,"column":1}},"line":82},"10":{"name":"whileLoopHighest","decl":{"start":{"line":98,"column":9},"end":{"line":98,"column":25}},"loc":{"start":{"line":98,"column":30},"end":{"line":110,"column":1}},"line":98}},"branchMap":{"0":{"loc":{"start":{"line":46,"column":4},"end":{"line":48,"column":5}},"type":"if","locations":[{"start":{"line":46,"column":4},"end":{"line":48,"column":5}},{"start":{},"end":{}}],"line":46},"1":{"loc":{"start":{"line":74,"column":0},"end":{"line":74,"column":39}},"type":"if","locations":[{"start":{"line":74,"column":0},"end":{"line":74,"column":39}},{"start":{},"end":{}}],"line":74},"2":{"loc":{"start":{"line":103,"column":4},"end":{"line":105,"column":5}},"type":"if","locations":[{"start":{"line":103,"column":4},"end":{"line":105,"column":5}},{"start":{},"end":{}}],"line":103}},"s":{"0":3,"1":3,"2":3,"3":2,"4":2,"5":15,"6":2,"7":2,"8":2,"9":2,"10":15,"11":7,"12":2,"13":2,"14":2,"15":15,"16":2,"17":2,"18":2,"19":15,"20":7,"21":2,"22":2,"23":2,"24":2,"25":15,"26":15,"27":15,"28":2,"29":2,"30":2,"31":2,"32":17,"33":17,"34":7,"35":17,"36":2,"37":1},"f":{"0":3,"1":3,"2":3,"3":2,"4":2,"5":2,"6":15,"7":2,"8":15,"9":2,"10":2},"b":{"0":[7,8],"1":[7,8],"2":[7,10]},"_coverageSchema":"1a1c01bbd47fc00a2c39e90264f33305004495a9","hash":"0fb55bc752cf18ff123d2cd9a5b62c3caf3a88b5"}
}
