TN:
SF:practice/01_return.js
FN:4,hello
FN:10,sum
FN:16,helloPerson
FN:22,minus
FN:28,divide
FNF:5
FNH:5
FNDA:1,hello
FNDA:2,sum
FNDA:2,helloPerson
FNDA:2,minus
FNDA:2,divide
DA:5,1
DA:11,2
DA:17,2
DA:23,2
DA:29,2
DA:33,1
LF:6
LH:6
BRF:0
BRH:0
end_of_record
TN:
SF:practice/02_function_parameters.js
FN:4,double
FN:10,multiply
FN:16,shout
FN:22,first
FNF:4
FNH:4
FNDA:3,double
FNDA:3,multiply
FNDA:2,shout
FNDA:2,first
DA:5,3
DA:11,3
DA:17,2
DA:23,2
DA:28,1
LF:5
LH:5
BRF:0
BRH:0
end_of_record
TN:
SF:practice/03_if_statements.js
FN:7,canDrink
FN:20,canVote
FN:35,canDrive
FN:51,week
FNF:4
FNH:4
FNDA:4,canDrink
FNDA:4,canVote
FNDA:8,canDrive
FNDA:7,week
DA:8,4
DA:9,2
DA:12,2
DA:21,4
DA:22,2
DA:25,2
DA:36,8
DA:37,2
DA:38,6
DA:39,1
DA:40,5
DA:41,2
DA:42,3
DA:43,3
DA:52,7
DA:53,4
DA:54,3
DA:55,1
DA:56,2
DA:57,2
DA:64,1
LF:21
LH:21
BRDA:8,0,0,2
BRDA:8,0,1,2
BRDA:21,1,0,2
BRDA:21,1,1,2
BRDA:36,2,0,2
BRDA:36,2,1,6
BRDA:38,3,0,1
BRDA:38,3,1,5
BRDA:40,4,0,2
BRDA:40,4,1,3
BRDA:40,5,0,5
BRDA:40,5,1,4
BRDA:42,6,0,3
BRDA:42,6,1,0
BRDA:52,7,0,4
BRDA:52,7,1,3
BRDA:52,8,0,7
BRDA:52,8,1,6
BRDA:52,8,2,5
BRDA:52,8,3,4
BRDA:54,9,0,1
BRDA:54,9,1,2
BRDA:56,10,0,2
BRDA:56,10,1,0
BRDA:56,11,0,2
BRDA:56,11,1,1
BRF:26
BRH:24
end_of_record
TN:
SF:practice/04_variables.js
FN:15,getName
FNF:1
FNH:1
FNDA:1,getName
DA:2,1
DA:7,1
DA:16,1
DA:17,1
DA:29,1
DA:39,1
LF:6
LH:6
BRF:0
BRH:0
end_of_record
TN:
SF:practice/05_arrays_and_loops.js
FN:6,first
FN:14,howMany
FN:23,last
FN:31,forLoopSum
FN:43,forLoopHighest
FN:57,forEachLoopSum
FN:60,(anonymous_6)
FN:69,forEachLoopHighest
FN:72,(anonymous_8)
FN:82,whileLoopSum
FN:98,whileLoopHighest
FNF:11
FNH:11
FNDA:3,first
FNDA:3,howMany
FNDA:3,last
FNDA:2,forLoopSum
FNDA:2,forLoopHighest
FNDA:2,forEachLoopSum
FNDA:15,(anonymous_6)
FNDA:2,forEachLoopHighest
FNDA:15,(anonymous_8)
FNDA:2,whileLoopSum
FNDA:2,whileLoopHighest
DA:7,3
DA:15,3
DA:24,3
DA:33,2
DA:34,2
DA:35,15
DA:36,2
DA:37,2
DA:44,2
DA:45,2
DA:46,15
DA:47,7
DA:50,2
DA:58,2
DA:60,2
DA:61,15
DA:63,2
DA:71,2
DA:72,2
DA:74,15
DA:76,2
DA:83,2
DA:84,2
DA:85,2
DA:86,15
DA:87,15
DA:88,15
DA:90,2
DA:99,2
DA:100,2
DA:101,2
DA:102,17
DA:103,17
DA:104,7
DA:106,17
DA:108,2
DA:113,1
LF:37
LH:37
BRDA:46,0,0,7
BRDA:46,0,1,8
BRDA:74,1,0,7
BRDA:74,1,1,8
BRDA:103,2,0,7
BRDA:103,2,1,10
BRF:6
BRH:6
end_of_record
